#
# There is insufficient memory for the Java Runtime Environment to continue.
# Native memory allocation (malloc) failed to allocate 32744 bytes for ChunkPool::allocate
# Possible reasons:
#   The system is out of physical RAM or swap space
#   In 32 bit mode, the process size limit was hit
# Possible solutions:
#   Reduce memory load on the system
#   Increase physical memory or swap space
#   Check if swap backing store is full
#   Use 64 bit Java on a 64 bit OS
#   Decrease Java heap size (-Xmx/-Xms)
#   Decrease number of Java threads
#   Decrease Java thread stack sizes (-Xss)
#   Set larger code cache with -XX:ReservedCodeCacheSize=
# This output file may be truncated or incomplete.
#
#  Out of Memory Error (allocation.cpp:273), pid=11508, tid=0x000000000000187c
#
# JRE version: Java(TM) SE Runtime Environment (8.0_151-b12) (build 1.8.0_151-b12)
# Java VM: Java HotSpot(TM) 64-Bit Server VM (25.151-b12 mixed mode windows-amd64 compressed oops)
# Failed to write core dump. Minidumps are not enabled by default on client versions of Windows
#

---------------  T H R E A D  ---------------

Current thread (0x000000001be23000):  JavaThread "Test worker" [_thread_in_vm, id=6268, stack(0x000000001d300000,0x000000001d400000)]

Stack: [0x000000001d300000,0x000000001d400000]
[error occurred during error reporting (printing stack bounds), id 0xc0000005]

Native frames: (J=compiled Java code, j=interpreted, Vv=VM code, C=native code)

Java frames: (J=compiled Java code, j=interpreted, Vv=VM code)
J 227  java.lang.Throwable.fillInStackTrace(I)Ljava/lang/Throwable; (0 bytes) @ 0x0000000004d59afb [0x0000000004d59ac0+0x3b]
J 226 C1 java.lang.Throwable.fillInStackTrace()Ljava/lang/Throwable; (29 bytes) @ 0x0000000004d58e54 [0x0000000004d58c80+0x1d4]
J 1445 C1 java.lang.Throwable.<init>(Ljava/lang/String;Ljava/lang/Throwable;)V (39 bytes) @ 0x0000000005099a2c [0x0000000005099880+0x1ac]
J 242 C1 java.lang.ReflectiveOperationException.<init>(Ljava/lang/String;Ljava/lang/Throwable;)V (7 bytes) @ 0x0000000004d5d384 [0x0000000004d5d2c0+0xc4]
J 1979 C2 java.net.URLClassLoader.findClass(Ljava/lang/String;)Ljava/lang/Class; (47 bytes) @ 0x00000000052ef2ac [0x00000000052ef1a0+0x10c]
J 1583 C2 java.lang.ClassLoader.loadClass(Ljava/lang/String;Z)Ljava/lang/Class; (122 bytes) @ 0x0000000005177690 [0x0000000005177340+0x350]
J 1778 C2 sun.misc.Launcher$AppClassLoader.loadClass(Ljava/lang/String;Z)Ljava/lang/Class; (85 bytes) @ 0x000000000525bda8 [0x000000000525bba0+0x208]
J 1775 C2 java.lang.ClassLoader.loadClass(Ljava/lang/String;)Ljava/lang/Class; (7 bytes) @ 0x0000000005175180 [0x0000000005175140+0x40]
v  ~StubRoutines::call_stub
J 751  java.lang.Class.forName0(Ljava/lang/String;ZLjava/lang/ClassLoader;Ljava/lang/Class;)Ljava/lang/Class; (0 bytes) @ 0x0000000004ebae87 [0x0000000004ebae00+0x87]
J 892 C1 java.lang.Class.forName(Ljava/lang/String;ZLjava/lang/ClassLoader;)Ljava/lang/Class; (53 bytes) @ 0x0000000004f10644 [0x0000000004f10140+0x504]
j  com.sun.beans.finder.ClassFinder.findClass(Ljava/lang/String;Ljava/lang/ClassLoader;)Ljava/lang/Class;+11
j  java.beans.Introspector.findCustomizerClass(Ljava/lang/Class;)Ljava/lang/Class;+28
j  java.beans.Introspector.getTargetBeanDescriptor()Ljava/beans/BeanDescriptor;+35
j  java.beans.Introspector.getBeanInfo()Ljava/beans/BeanInfo;+1
j  java.beans.Introspector.getBeanInfo(Ljava/lang/Class;Ljava/lang/Class;I)Ljava/beans/BeanInfo;+27
j  java.beans.Introspector.getBeanInfo(Ljava/lang/Class;I)Ljava/beans/BeanInfo;+3
j  org.springframework.beans.CachedIntrospectionResults.<init>(Ljava/lang/Class;)V+112
j  org.springframework.beans.CachedIntrospectionResults.forClass(Ljava/lang/Class;)Lorg/springframework/beans/CachedIntrospectionResults;+43
j  org.springframework.beans.BeanWrapperImpl.getCachedIntrospectionResults()Lorg/springframework/beans/CachedIntrospectionResults;+29
j  org.springframework.beans.BeanWrapperImpl.getPropertyDescriptors()[Ljava/beans/PropertyDescriptor;+1
j  org.springframework.beans.factory.support.AbstractAutowireCapableBeanFactory.filterPropertyDescriptorsForDependencyCheck(Lorg/springframework/beans/BeanWrapper;)[Ljava/beans/PropertyDescriptor;+5
j  org.springframework.beans.factory.support.AbstractAutowireCapableBeanFactory.filterPropertyDescriptorsForDependencyCheck(Lorg/springframework/beans/BeanWrapper;Z)[Ljava/beans/PropertyDescriptor;+25
j  org.springframework.beans.factory.support.AbstractAutowireCapableBeanFactory.populateBean(Ljava/lang/String;Lorg/springframework/beans/factory/support/RootBeanDefinition;Lorg/springframework/beans/BeanWrapper;)V+234
j  org.springframework.beans.factory.support.AbstractAutowireCapableBeanFactory.doCreateBean(Ljava/lang/String;Lorg/springframework/beans/factory/support/RootBeanDefinition;[Ljava/lang/Object;)Ljava/lang/Object;+250
j  org.springframework.beans.factory.support.AbstractAutowireCapableBeanFactory.createBean(Ljava/lang/String;Lorg/springframework/beans/factory/support/RootBeanDefinition;[Ljava/lang/Object;)Ljava/lang/Object;+169
j  org.springframework.beans.factory.support.AbstractBeanFactory$1.getObject()Ljava/lang/Object;+16
j  org.springframework.beans.factory.support.DefaultSingletonBeanRegistry.getSingleton(Ljava/lang/String;Lorg/springframework/beans/factory/ObjectFactory;)Ljava/lang/Object;+132
j  org.springframework.beans.factory.support.AbstractBeanFactory.doGetBean(Ljava/lang/String;Ljava/lang/Class;[Ljava/lang/Object;Z)Ljava/lang/Object;+375
j  org.springframework.beans.factory.support.AbstractBeanFactory.getBean(Ljava/lang/String;Ljava/lang/Class;)Ljava/lang/Object;+5
j  org.springframework.context.support.PostProcessorRegistrationDelegate.invokeBeanFactoryPostProcessors(Lorg/springframework/beans/factory/config/ConfigurableListableBeanFactory;Ljava/util/List;)V+796
j  org.springframework.context.support.AbstractApplicationContext.invokeBeanFactoryPostProcessors(Lorg/springframework/beans/factory/config/ConfigurableListableBeanFactory;)V+5
j  org.springframework.context.support.AbstractApplicationContext.refresh()V+28
j  org.springframework.boot.SpringApplication.refresh(Lorg/springframework/context/ApplicationContext;)V+10
j  org.springframework.boot.SpringApplication.refreshContext(Lorg/springframework/context/ConfigurableApplicationContext;)V+2
j  org.springframework.boot.SpringApplication.run([Ljava/lang/String;)Lorg/springframework/context/ConfigurableApplicationContext;+91
j  org.springframework.boot.test.context.SpringBootContextLoader.loadContext(Lorg/springframework/test/context/MergedContextConfiguration;)Lorg/springframework/context/ApplicationContext;+161
j  org.springframework.test.context.cache.DefaultCacheAwareContextLoaderDelegate.loadContextInternal(Lorg/springframework/test/context/MergedContextConfiguration;)Lorg/springframework/context/ApplicationContext;+27
j  org.springframework.test.context.cache.DefaultCacheAwareContextLoaderDelegate.loadContext(Lorg/springframework/test/context/MergedContextConfiguration;)Lorg/springframework/context/ApplicationContext;+24
j  org.springframework.test.context.support.DefaultTestContext.getApplicationContext()Lorg/springframework/context/ApplicationContext;+8
j  org.springframework.test.context.web.ServletTestExecutionListener.setUpRequestContextIfNecessary(Lorg/springframework/test/context/TestContext;)V+18
j  org.springframework.test.context.web.ServletTestExecutionListener.prepareTestInstance(Lorg/springframework/test/context/TestContext;)V+2
j  org.springframework.test.context.TestContextManager.prepareTestInstance(Ljava/lang/Object;)V+95
j  org.springframework.test.context.junit4.SpringJUnit4ClassRunner.createTest()Ljava/lang/Object;+10
j  org.springframework.test.context.junit4.SpringJUnit4ClassRunner$1.runReflectiveCall()Ljava/lang/Object;+4
j  org.junit.internal.runners.model.ReflectiveCallable.run()Ljava/lang/Object;+1
j  org.springframework.test.context.junit4.SpringJUnit4ClassRunner.methodBlock(Lorg/junit/runners/model/FrameworkMethod;)Lorg/junit/runners/model/Statement;+8
j  org.springframework.test.context.junit4.SpringJUnit4ClassRunner.runChild(Lorg/junit/runners/model/FrameworkMethod;Lorg/junit/runner/notification/RunNotifier;)V+24
j  org.springframework.test.context.junit4.SpringJUnit4ClassRunner.runChild(Ljava/lang/Object;Lorg/junit/runner/notification/RunNotifier;)V+6
j  org.junit.runners.ParentRunner$3.run()V+12
j  org.junit.runners.ParentRunner$1.schedule(Ljava/lang/Runnable;)V+1
j  org.junit.runners.ParentRunner.runChildren(Lorg/junit/runner/notification/RunNotifier;)V+44
j  org.junit.runners.ParentRunner.access$000(Lorg/junit/runners/ParentRunner;Lorg/junit/runner/notification/RunNotifier;)V+2
j  org.junit.runners.ParentRunner$2.evaluate()V+8
j  org.springframework.test.context.junit4.statements.RunBeforeTestClassCallbacks.evaluate()V+11
j  org.springframework.test.context.junit4.statements.RunAfterTestClassCallbacks.evaluate()V+12
j  org.junit.runners.ParentRunner.run(Lorg/junit/runner/notification/RunNotifier;)V+20
j  org.springframework.test.context.junit4.SpringJUnit4ClassRunner.run(Lorg/junit/runner/notification/RunNotifier;)V+24
j  org.gradle.api.internal.tasks.testing.junit.JUnitTestClassExecuter.runTestClass(Ljava/lang/String;)V+282
j  org.gradle.api.internal.tasks.testing.junit.JUnitTestClassExecuter.execute(Ljava/lang/String;)V+14
j  org.gradle.api.internal.tasks.testing.junit.JUnitTestClassProcessor.processTestClass(Lorg/gradle/api/internal/tasks/testing/TestClassRunInfo;)V+26
j  org.gradle.api.internal.tasks.testing.SuiteTestClassProcessor.processTestClass(Lorg/gradle/api/internal/tasks/testing/TestClassRunInfo;)V+5
v  ~StubRoutines::call_stub
j  sun.reflect.NativeMethodAccessorImpl.invoke0(Ljava/lang/reflect/Method;Ljava/lang/Object;[Ljava/lang/Object;)Ljava/lang/Object;+0
j  sun.reflect.NativeMethodAccessorImpl.invoke(Ljava/lang/Object;[Ljava/lang/Object;)Ljava/lang/Object;+100
j  sun.reflect.DelegatingMethodAccessorImpl.invoke(Ljava/lang/Object;[Ljava/lang/Object;)Ljava/lang/Object;+6
j  java.lang.reflect.Method.invoke(Ljava/lang/Object;[Ljava/lang/Object;)Ljava/lang/Object;+56
j  org.gradle.internal.dispatch.ReflectionDispatch.dispatch(Lorg/gradle/internal/dispatch/MethodInvocation;)V+19
j  org.gradle.internal.dispatch.ReflectionDispatch.dispatch(Ljava/lang/Object;)V+5
j  org.gradle.internal.dispatch.ContextClassLoaderDispatch.dispatch(Ljava/lang/Object;)V+22
j  org.gradle.internal.dispatch.ProxyDispatchAdapter$DispatchingInvocationHandler.invoke(Ljava/lang/Object;Ljava/lang/reflect/Method;[Ljava/lang/Object;)Ljava/lang/Object;+178
j  com.sun.proxy.$Proxy1.processTestClass(Lorg/gradle/api/internal/tasks/testing/TestClassRunInfo;)V+16
j  org.gradle.api.internal.tasks.testing.worker.TestWorker.processTestClass(Lorg/gradle/api/internal/tasks/testing/TestClassRunInfo;)V+13
v  ~StubRoutines::call_stub
j  sun.reflect.NativeMethodAccessorImpl.invoke0(Ljava/lang/reflect/Method;Ljava/lang/Object;[Ljava/lang/Object;)Ljava/lang/Object;+0
j  sun.reflect.NativeMethodAccessorImpl.invoke(Ljava/lang/Object;[Ljava/lang/Object;)Ljava/lang/Object;+100
j  sun.reflect.DelegatingMethodAccessorImpl.invoke(Ljava/lang/Object;[Ljava/lang/Object;)Ljava/lang/Object;+6
j  java.lang.reflect.Method.invoke(Ljava/lang/Object;[Ljava/lang/Object;)Ljava/lang/Object;+56
j  org.gradle.internal.dispatch.ReflectionDispatch.dispatch(Lorg/gradle/internal/dispatch/MethodInvocation;)V+19
j  org.gradle.internal.dispatch.ReflectionDispatch.dispatch(Ljava/lang/Object;)V+5
j  org.gradle.internal.remote.internal.hub.MessageHubBackedObjectConnection$DispatchWrapper.dispatch(Lorg/gradle/internal/dispatch/MethodInvocation;)V+5
j  org.gradle.internal.remote.internal.hub.MessageHubBackedObjectConnection$DispatchWrapper.dispatch(Ljava/lang/Object;)V+5
j  org.gradle.internal.remote.internal.hub.MessageHub$Handler.run()V+174
j  org.gradle.internal.concurrent.ExecutorPolicy$CatchAndRecordFailures.onExecute(Ljava/lang/Runnable;)V+1
j  org.gradle.internal.concurrent.ManagedExecutorImpl$1.run()V+25
j  java.util.concurrent.ThreadPoolExecutor.runWorker(Ljava/util/concurrent/ThreadPoolExecutor$Worker;)V+95
j  java.util.concurrent.ThreadPoolExecutor$Worker.run()V+5
j  org.gradle.internal.concurrent.ThreadFactoryImpl$ManagedThreadRunnable.run()V+7
j  java.lang.Thread.run()V+11
v  ~StubRoutines::call_stub

---------------  P R O C E S S  ---------------

Java Threads: ( => current thread )
  0x000000001c06c800 JavaThread "/127.0.0.1:62711 to /127.0.0.1:62710 workers Thread 3" [_thread_in_native, id=6420, stack(0x000000001d840000,0x000000001d940000)]
  0x000000001c06b800 JavaThread "/127.0.0.1:62711 to /127.0.0.1:62710 workers Thread 2" [_thread_blocked, id=3924, stack(0x000000001d740000,0x000000001d840000)]
=>0x000000001be23000 JavaThread "Test worker" [_thread_in_vm, id=6268, stack(0x000000001d300000,0x000000001d400000)]
  0x000000001abee000 JavaThread "Service Thread" daemon [_thread_blocked, id=11352, stack(0x000000001b830000,0x000000001b930000)]
  0x0000000019736800 JavaThread "C1 CompilerThread2" daemon [_thread_blocked, id=11460, stack(0x000000001b730000,0x000000001b830000)]
  0x000000001972e800 JavaThread "C2 CompilerThread1" daemon [_thread_in_native, id=1860, stack(0x000000001b630000,0x000000001b730000)]
  0x000000001972b800 JavaThread "C2 CompilerThread0" daemon [_thread_in_native, id=3968, stack(0x000000001b530000,0x000000001b630000)]
  0x0000000019729000 JavaThread "Attach Listener" daemon [_thread_blocked, id=10800, stack(0x000000001b430000,0x000000001b530000)]
  0x000000001ab93800 JavaThread "Signal Dispatcher" daemon [_thread_blocked, id=2436, stack(0x000000001b330000,0x000000001b430000)]
  0x00000000196ea800 JavaThread "Finalizer" daemon [_thread_blocked, id=7672, stack(0x000000001a960000,0x000000001aa60000)]
  0x0000000004bc0000 JavaThread "Reference Handler" daemon [_thread_blocked, id=8424, stack(0x000000001a860000,0x000000001a960000)]
  0x0000000004ace000 JavaThread "main" [_thread_blocked, id=11980, stack(0x0000000004900000,0x0000000004a00000)]

Other Threads:
  0x00000000196c8000 VMThread [stack: 0x000000001a760000,0x000000001a860000] [id=2216]
  0x000000001ac91000 WatcherThread [stack: 0x000000001b930000,0x000000001ba30000] [id=6868]

VM state:not at safepoint (normal execution)

VM Mutex/Monitor currently owned by a thread: None

Heap:
 PSYoungGen      total 71680K, used 39408K [0x00000000d5f00000, 0x00000000df200000, 0x0000000100000000)
  eden space 66560K, 59% used [0x00000000d5f00000,0x00000000d857c098,0x00000000da000000)
  from space 5120K, 0% used [0x00000000da000000,0x00000000da000000,0x00000000da500000)
  to   space 8704K, 0% used [0x00000000de980000,0x00000000de980000,0x00000000df200000)
 ParOldGen       total 47104K, used 5702K [0x0000000081c00000, 0x0000000084a00000, 0x00000000d5f00000)
  object space 47104K, 12% used [0x0000000081c00000,0x0000000082191a60,0x0000000084a00000)
 Metaspace       used 24444K, capacity 24790K, committed 25088K, reserved 1071104K
  class space    used 3080K, capacity 3204K, committed 3328K, reserved 1048576K

Card table byte_map: [0x0000000013f90000,0x0000000014390000] byte_map_base: 0x0000000013b82000

Marking Bits: (ParMarkBitMap*) 0x000000005bd5d850
 Begin Bits: [0x0000000014a40000, 0x00000000169d0000)
 End Bits:   [0x00000000169d0000, 0x0000000018960000)

Polling page: 0x0000000004a00000

CodeCache: size=245760Kb used=8383Kb max_used=8383Kb free=237376Kb
 bounds [0x0000000004bd0000, 0x0000000005410000, 0x0000000013bd0000]
 total_blobs=2728 nmethods=2328 adapters=312
 compilation: enabled

Compilation events (10 events):
Event: 3.726 Thread 0x0000000019736800 2336       3       java.beans.Introspector::addMethod (196 bytes)
Event: 3.727 Thread 0x0000000019736800 nmethod 2336 0x00000000053fe150 code [0x00000000053fe380, 0x00000000053ff048]
Event: 3.727 Thread 0x0000000019736800 2337   !   3       sun.reflect.misc.ReflectUtil::isPackageAccessible (12 bytes)
Event: 3.727 Thread 0x0000000019736800 nmethod 2337 0x00000000053ff590 code [0x00000000053ff740, 0x00000000053ffb58]
Event: 3.727 Thread 0x0000000019736800 2338       1       sun.reflect.generics.repository.AbstractRepository::getFactory (5 bytes)
Event: 3.727 Thread 0x0000000019736800 nmethod 2338 0x00000000053ffd90 code [0x00000000053ffee0, 0x00000000053ffff0]
Event: 3.728 Thread 0x0000000019736800 2339       3       java.lang.reflect.Executable::printModifiersIfNonzero (101 bytes)
Event: 3.730 Thread 0x0000000019736800 nmethod 2339 0x0000000005400050 code [0x0000000005400360, 0x0000000005401ad8]
Event: 3.730 Thread 0x0000000019736800 2340       3       com.sun.beans.TypeResolver::erase (167 bytes)
Event: 3.731 Thread 0x0000000019736800 nmethod 2340 0x0000000005402a10 code [0x0000000005402d40, 0x0000000005404a28]

GC Heap History (10 events):
Event: 1.907 GC heap before
{Heap before GC invocations=2 (full 0):
 PSYoungGen      total 38400K, used 38389K [0x00000000d5f00000, 0x00000000d8980000, 0x0000000100000000)
  eden space 33280K, 100% used [0x00000000d5f00000,0x00000000d7f80000,0x00000000d7f80000)
  from space 5120K, 99% used [0x00000000d7f80000,0x00000000d847d7b8,0x00000000d8480000)
  to   space 5120K, 0% used [0x00000000d8480000,0x00000000d8480000,0x00000000d8980000)
 ParOldGen       total 87552K, used 499K [0x0000000081c00000, 0x0000000087180000, 0x00000000d5f00000)
  object space 87552K, 0% used [0x0000000081c00000,0x0000000081c7ce88,0x0000000087180000)
 Metaspace       used 13521K, capacity 13780K, committed 13952K, reserved 1060864K
  class space    used 1779K, capacity 1874K, committed 1920K, reserved 1048576K
Event: 1.915 GC heap after
Heap after GC invocations=2 (full 0):
 PSYoungGen      total 38400K, used 5108K [0x00000000d5f00000, 0x00000000d8980000, 0x0000000100000000)
  eden space 33280K, 0% used [0x00000000d5f00000,0x00000000d5f00000,0x00000000d7f80000)
  from space 5120K, 99% used [0x00000000d8480000,0x00000000d897d210,0x00000000d8980000)
  to   space 5120K, 0% used [0x00000000d7f80000,0x00000000d7f80000,0x00000000d8480000)
 ParOldGen       total 87552K, used 1076K [0x0000000081c00000, 0x0000000087180000, 0x00000000d5f00000)
  object space 87552K, 1% used [0x0000000081c00000,0x0000000081d0d1b8,0x0000000087180000)
 Metaspace       used 13521K, capacity 13780K, committed 13952K, reserved 1060864K
  class space    used 1779K, capacity 1874K, committed 1920K, reserved 1048576K
}
Event: 2.245 GC heap before
{Heap before GC invocations=3 (full 0):
 PSYoungGen      total 38400K, used 38388K [0x00000000d5f00000, 0x00000000d8980000, 0x0000000100000000)
  eden space 33280K, 100% used [0x00000000d5f00000,0x00000000d7f80000,0x00000000d7f80000)
  from space 5120K, 99% used [0x00000000d8480000,0x00000000d897d210,0x00000000d8980000)
  to   space 5120K, 0% used [0x00000000d7f80000,0x00000000d7f80000,0x00000000d8480000)
 ParOldGen       total 87552K, used 1076K [0x0000000081c00000, 0x0000000087180000, 0x00000000d5f00000)
  object space 87552K, 1% used [0x0000000081c00000,0x0000000081d0d270,0x0000000087180000)
 Metaspace       used 17857K, capacity 18080K, committed 18304K, reserved 1064960K
  class space    used 2292K, capacity 2388K, committed 2432K, reserved 1048576K
Event: 2.254 GC heap after
Heap after GC invocations=3 (full 0):
 PSYoungGen      total 38400K, used 5096K [0x00000000d5f00000, 0x00000000daa00000, 0x0000000100000000)
  eden space 33280K, 0% used [0x00000000d5f00000,0x00000000d5f00000,0x00000000d7f80000)
  from space 5120K, 99% used [0x00000000d7f80000,0x00000000d847a310,0x00000000d8480000)
  to   space 5120K, 0% used [0x00000000da500000,0x00000000da500000,0x00000000daa00000)
 ParOldGen       total 87552K, used 4037K [0x0000000081c00000, 0x0000000087180000, 0x00000000d5f00000)
  object space 87552K, 4% used [0x0000000081c00000,0x0000000081ff1690,0x0000000087180000)
 Metaspace       used 17857K, capacity 18080K, committed 18304K, reserved 1064960K
  class space    used 2292K, capacity 2388K, committed 2432K, reserved 1048576K
}
Event: 2.891 GC heap before
{Heap before GC invocations=4 (full 0):
 PSYoungGen      total 38400K, used 38376K [0x00000000d5f00000, 0x00000000daa00000, 0x0000000100000000)
  eden space 33280K, 100% used [0x00000000d5f00000,0x00000000d7f80000,0x00000000d7f80000)
  from space 5120K, 99% used [0x00000000d7f80000,0x00000000d847a310,0x00000000d8480000)
  to   space 5120K, 0% used [0x00000000da500000,0x00000000da500000,0x00000000daa00000)
 ParOldGen       total 87552K, used 4047K [0x0000000081c00000, 0x0000000087180000, 0x00000000d5f00000)
  object space 87552K, 4% used [0x0000000081c00000,0x0000000081ff3d90,0x0000000087180000)
 Metaspace       used 20716K, capacity 21040K, committed 21248K, reserved 1067008K
  class space    used 2616K, capacity 2732K, committed 2816K, reserved 1048576K
Event: 2.900 GC heap after
Heap after GC invocations=4 (full 0):
 PSYoungGen      total 71680K, used 5088K [0x00000000d5f00000, 0x00000000daa00000, 0x0000000100000000)
  eden space 66560K, 0% used [0x00000000d5f00000,0x00000000d5f00000,0x00000000da000000)
  from space 5120K, 99% used [0x00000000da500000,0x00000000da9f8060,0x00000000daa00000)
  to   space 5120K, 0% used [0x00000000da000000,0x00000000da000000,0x00000000da500000)
 ParOldGen       total 87552K, used 6226K [0x0000000081c00000, 0x0000000087180000, 0x00000000d5f00000)
  object space 87552K, 7% used [0x0000000081c00000,0x0000000082214818,0x0000000087180000)
 Metaspace       used 20716K, capacity 21040K, committed 21248K, reserved 1067008K
  class space    used 2616K, capacity 2732K, committed 2816K, reserved 1048576K
}
Event: 2.917 GC heap before
{Heap before GC invocations=5 (full 0):
 PSYoungGen      total 71680K, used 7393K [0x00000000d5f00000, 0x00000000daa00000, 0x0000000100000000)
  eden space 66560K, 3% used [0x00000000d5f00000,0x00000000d61405f8,0x00000000da000000)
  from space 5120K, 99% used [0x00000000da500000,0x00000000da9f8060,0x00000000daa00000)
  to   space 5120K, 0% used [0x00000000da000000,0x00000000da000000,0x00000000da500000)
 ParOldGen       total 87552K, used 6226K [0x0000000081c00000, 0x0000000087180000, 0x00000000d5f00000)
  object space 87552K, 7% used [0x0000000081c00000,0x0000000082214818,0x0000000087180000)
 Metaspace       used 20829K, capacity 21110K, committed 21248K, reserved 1067008K
  class space    used 2635K, capacity 2733K, committed 2816K, reserved 1048576K
Event: 2.925 GC heap after
Heap after GC invocations=5 (full 0):
 PSYoungGen      total 71680K, used 5104K [0x00000000d5f00000, 0x00000000df200000, 0x0000000100000000)
  eden space 66560K, 0% used [0x00000000d5f00000,0x00000000d5f00000,0x00000000da000000)
  from space 5120K, 99% used [0x00000000da000000,0x00000000da4fc070,0x00000000da500000)
  to   space 8704K, 0% used [0x00000000de980000,0x00000000de980000,0x00000000df200000)
 ParOldGen       total 87552K, used 6290K [0x0000000081c00000, 0x0000000087180000, 0x00000000d5f00000)
  object space 87552K, 7% used [0x0000000081c00000,0x0000000082224818,0x0000000087180000)
 Metaspace       used 20829K, capacity 21110K, committed 21248K, reserved 1067008K
  class space    used 2635K, capacity 2733K, committed 2816K, reserved 1048576K
}
Event: 2.925 GC heap before
{Heap before GC invocations=6 (full 1):
 PSYoungGen      total 71680K, used 5104K [0x00000000d5f00000, 0x00000000df200000, 0x0000000100000000)
  eden space 66560K, 0% used [0x00000000d5f00000,0x00000000d5f00000,0x00000000da000000)
  from space 5120K, 99% used [0x00000000da000000,0x00000000da4fc070,0x00000000da500000)
  to   space 8704K, 0% used [0x00000000de980000,0x00000000de980000,0x00000000df200000)
 ParOldGen       total 87552K, used 6290K [0x0000000081c00000, 0x0000000087180000, 0x00000000d5f00000)
  object space 87552K, 7% used [0x0000000081c00000,0x0000000082224818,0x0000000087180000)
 Metaspace       used 20829K, capacity 21110K, committed 21248K, reserved 1067008K
  class space    used 2635K, capacity 2733K, committed 2816K, reserved 1048576K
Event: 2.962 GC heap after
Heap after GC invocations=6 (full 1):
 PSYoungGen      total 71680K, used 0K [0x00000000d5f00000, 0x00000000df200000, 0x0000000100000000)
  eden space 66560K, 0% used [0x00000000d5f00000,0x00000000d5f00000,0x00000000da000000)
  from space 5120K, 0% used [0x00000000da000000,0x00000000da000000,0x00000000da500000)
  to   space 8704K, 0% used [0x00000000de980000,0x00000000de980000,0x00000000df200000)
 ParOldGen       total 47104K, used 5702K [0x0000000081c00000, 0x0000000084a00000, 0x00000000d5f00000)
  object space 47104K, 12% used [0x0000000081c00000,0x0000000082191a60,0x0000000084a00000)
 Metaspace       used 20829K, capacity 21110K, committed 21248K, reserved 1067008K
  class space    used 2635K, capacity 2733K, committed 2816K, reserved 1048576K
}

Deoptimization events (10 events):
Event: 2.834 Thread 0x000000001c505800 Uncommon trap: reason=unstable_if action=reinterpret pc=0x000000000520ac0c method=com.sun.org.apache.xerces.internal.util.SymbolTable.addSymbol([CII)Ljava/lang/String; @ 38
Event: 2.834 Thread 0x000000001c505800 Uncommon trap: reason=unstable_if action=reinterpret pc=0x00000000051f2090 method=com.sun.org.apache.xerces.internal.impl.XMLEntityScanner.scanLiteral(ILcom/sun/org/apache/xerces/internal/xni/XMLString;Z)I @ 44
Event: 2.837 Thread 0x000000001c505800 Uncommon trap: reason=unstable_if action=reinterpret pc=0x00000000051c65cc method=com.sun.org.apache.xerces.internal.util.SymbolTable.addSymbol([CII)Ljava/lang/String; @ 38
Event: 2.981 Thread 0x000000001be23000 Uncommon trap: reason=bimorphic action=maybe_recompile pc=0x0000000004fe8a10 method=java.util.HashMap.putVal(ILjava/lang/Object;Ljava/lang/Object;ZZ)Ljava/lang/Object; @ 203
Event: 2.981 Thread 0x000000001be23000 Uncommon trap: reason=bimorphic action=maybe_recompile pc=0x0000000004fa9388 method=java.util.HashMap.putVal(ILjava/lang/Object;Ljava/lang/Object;ZZ)Ljava/lang/Object; @ 203
Event: 3.047 Thread 0x000000001c505800 Uncommon trap: reason=class_check action=maybe_recompile pc=0x000000000509ae1c method=java.util.regex.Matcher.search(I)Z @ 86
Event: 3.047 Thread 0x000000001c505800 Uncommon trap: reason=unstable_if action=reinterpret pc=0x0000000004fc3e5c method=java.util.regex.Pattern$BmpCharProperty.match(Ljava/util/regex/Matcher;ILjava/lang/CharSequence;)Z @ 5
Event: 3.068 Thread 0x000000001c505800 Uncommon trap: reason=unstable_if action=reinterpret pc=0x0000000005016a50 method=sun.misc.MetaIndex.mayContain(Ljava/lang/String;)Z @ 38
Event: 3.070 Thread 0x000000001c505800 Uncommon trap: reason=unstable_if action=reinterpret pc=0x0000000004de42f4 method=sun.misc.MetaIndex.mayContain(Ljava/lang/String;)Z @ 38
Event: 3.159 Thread 0x000000001c505800 Uncommon trap: reason=unstable_if action=reinterpret pc=0x0000000004f0ae70 method=java.util.HashMap.hash(Ljava/lang/Object;)I @ 1

Internal exceptions (10 events):
Event: 3.667 Thread 0x000000001be23000 Exception <a 'java/lang/ClassNotFoundException': org/springframework/boot/test/mock/mockito/MockitoPostProcessorCustomizer> (0x00000000d8221b08) thrown at [C:\re\workspace\8-2-build-windows-amd64-cygwin\jdk8u151\9699\hotspot\src\share\vm\classfile\systemD
Event: 3.669 Thread 0x000000001be23000 Exception <a 'java/lang/ClassNotFoundException': org/springframework/beans/factory/BeanClassLoaderAwareCustomizer> (0x00000000d82464c8) thrown at [C:\re\workspace\8-2-build-windows-amd64-cygwin\jdk8u151\9699\hotspot\src\share\vm\classfile\systemDictionary
Event: 3.670 Thread 0x000000001be23000 Exception <a 'java/lang/ClassNotFoundException': org/springframework/beans/factory/BeanFactoryAwareCustomizer> (0x00000000d825aac8) thrown at [C:\re\workspace\8-2-build-windows-amd64-cygwin\jdk8u151\9699\hotspot\src\share\vm\classfile\systemDictionary.cpp
Event: 3.671 Thread 0x000000001be23000 Exception <a 'java/lang/ClassNotFoundException': org/springframework/beans/factory/config/BeanFactoryPostProcessorCustomizer> (0x00000000d8272268) thrown at [C:\re\workspace\8-2-build-windows-amd64-cygwin\jdk8u151\9699\hotspot\src\share\vm\classfile\syste
Event: 3.671 Thread 0x000000001be23000 Exception <a 'java/lang/ClassNotFoundException': org/springframework/core/OrderedCustomizer> (0x00000000d8282ca0) thrown at [C:\re\workspace\8-2-build-windows-amd64-cygwin\jdk8u151\9699\hotspot\src\share\vm\classfile\systemDictionary.cpp, line 210]
Event: 3.673 Thread 0x000000001be23000 Exception <a 'java/lang/ClassNotFoundException': org/springframework/beans/factory/config/SmartInstantiationAwareBeanPostProcessorCustomizer> (0x00000000d829ca40) thrown at [C:\re\workspace\8-2-build-windows-amd64-cygwin\jdk8u151\9699\hotspot\src\share\vm
Event: 3.723 Thread 0x000000001be23000 Exception <a 'java/lang/ClassNotFoundException': java/lang/ObjectCustomizer> (0x00000000d84bbfd8) thrown at [C:\re\workspace\8-2-build-windows-amd64-cygwin\jdk8u151\9699\hotspot\src\share\vm\classfile\systemDictionary.cpp, line 210]
Event: 3.724 Thread 0x000000001be23000 Exception <a 'java/lang/ClassNotFoundException': org/springframework/boot/context/properties/ConfigurationBeanFactoryMetaDataCustomizer> (0x00000000d84d7650) thrown at [C:\re\workspace\8-2-build-windows-amd64-cygwin\jdk8u151\9699\hotspot\src\share\vm\clas
Event: 3.726 Thread 0x000000001be23000 Exception <a 'java/lang/ClassNotFoundException': org/springframework/beans/factory/config/BeanFactoryPostProcessorCustomizer> (0x00000000d84f3b98) thrown at [C:\re\workspace\8-2-build-windows-amd64-cygwin\jdk8u151\9699\hotspot\src\share\vm\classfile\syste
Event: 3.727 Thread 0x000000001be23000 Exception <a 'java/lang/ClassNotFoundException': java/lang/ObjectCustomizer> (0x00000000d84fe9e0) thrown at [C:\re\workspace\8-2-build-windows-amd64-cygwin\jdk8u151\9699\hotspot\src\share\vm\classfile\systemDictionary.cpp, line 210]

Events (10 events):
Event: 3.726 loading class org/springframework/beans/factory/config/BeanFactoryPostProcessorCustomizer
Event: 3.726 loading class org/springframework/beans/factory/config/BeanFactoryPostProcessorCustomizer done
Event: 3.726 loading class org/springframework/beans/factory/config/BeanFactoryPostProcessorCustomizer
Event: 3.726 loading class org/springframework/beans/factory/config/BeanFactoryPostProcessorCustomizer done
Event: 3.727 loading class java/lang/ObjectCustomizer
Event: 3.727 loading class java/lang/ObjectCustomizer done
Event: 3.727 loading class java/lang/ObjectCustomizer
Event: 3.727 loading class java/lang/ObjectCustomizer done
Event: 3.728 loading class org/springframework/boot/autoconfigure/web/ErrorMvcAutoConfiguration$PreserveErrorControllerTargetClassPostProcessorCustomizer
Event: 3.728 loading class org/springframework/boot/autoconfigure/web/ErrorMvcAutoConfiguration$PreserveErrorControllerTargetClassPostProcessorCustomizer done


Dynamic libraries:
0x00007ff7db090000 - 0x00007ff7db0c7000 	C:\Program Files\Java\jdk1.8.0_151\bin\java.exe
0x00007ffe09fd0000 - 0x00007ffe0a1b0000 	C:\WINDOWS\SYSTEM32\ntdll.dll
0x00007ffe08fe0000 - 0x00007ffe0908e000 	C:\WINDOWS\System32\KERNEL32.DLL
0x00007ffe07030000 - 0x00007ffe07296000 	C:\WINDOWS\System32\KERNELBASE.dll
0x00007ffe07af0000 - 0x00007ffe07b91000 	C:\WINDOWS\System32\ADVAPI32.dll
0x00007ffe09920000 - 0x00007ffe099bd000 	C:\WINDOWS\System32\msvcrt.dll
0x00007ffe09840000 - 0x00007ffe0989b000 	C:\WINDOWS\System32\sechost.dll
0x00007ffe09720000 - 0x00007ffe0983f000 	C:\WINDOWS\System32\RPCRT4.dll
0x00007ffe09d50000 - 0x00007ffe09edf000 	C:\WINDOWS\System32\USER32.dll
0x00007ffe06f10000 - 0x00007ffe06f30000 	C:\WINDOWS\System32\win32u.dll
0x00007ffe09090000 - 0x00007ffe090b8000 	C:\WINDOWS\System32\GDI32.dll
0x00007ffe06b20000 - 0x00007ffe06cb3000 	C:\WINDOWS\System32\gdi32full.dll
0x00007ffe07350000 - 0x00007ffe073eb000 	C:\WINDOWS\System32\msvcp_win.dll
0x00007ffe06f30000 - 0x00007ffe07026000 	C:\WINDOWS\System32\ucrtbase.dll
0x00007ffdf9610000 - 0x00007ffdf9879000 	C:\WINDOWS\WinSxS\amd64_microsoft.windows.common-controls_6595b64144ccf1df_6.0.16299.371_none_15c7d1789365a290\COMCTL32.dll
0x00007ffe09a40000 - 0x00007ffe09d48000 	C:\WINDOWS\System32\combase.dll
0x00007ffe06cc0000 - 0x00007ffe06d32000 	C:\WINDOWS\System32\bcryptPrimitives.dll
0x00007ffe07ac0000 - 0x00007ffe07aed000 	C:\WINDOWS\System32\IMM32.DLL
0x000000005cdd0000 - 0x000000005cea2000 	C:\Program Files\Java\jdk1.8.0_151\jre\bin\msvcr100.dll
0x000000005b540000 - 0x000000005bddd000 	C:\Program Files\Java\jdk1.8.0_151\jre\bin\server\jvm.dll
0x00007ffe09ee0000 - 0x00007ffe09ee8000 	C:\WINDOWS\System32\PSAPI.DLL
0x00007ffdffc20000 - 0x00007ffdffc2a000 	C:\WINDOWS\SYSTEM32\VERSION.dll
0x00007ffe02fd0000 - 0x00007ffe02fd9000 	C:\WINDOWS\SYSTEM32\WSOCK32.dll
0x00007ffe031d0000 - 0x00007ffe031f3000 	C:\WINDOWS\SYSTEM32\WINMM.dll
0x00007ffe099c0000 - 0x00007ffe09a2c000 	C:\WINDOWS\System32\WS2_32.dll
0x00007ffe03110000 - 0x00007ffe0313a000 	C:\WINDOWS\SYSTEM32\winmmbase.dll
0x00007ffe073f0000 - 0x00007ffe0743a000 	C:\WINDOWS\System32\cfgmgr32.dll
0x000000005cdc0000 - 0x000000005cdcf000 	C:\Program Files\Java\jdk1.8.0_151\jre\bin\verify.dll
0x000000005ccb0000 - 0x000000005ccd9000 	C:\Program Files\Java\jdk1.8.0_151\jre\bin\java.dll
0x000000005cc90000 - 0x000000005cca6000 	C:\Program Files\Java\jdk1.8.0_151\jre\bin\zip.dll
0x00007ffe07ba0000 - 0x00007ffe08fd6000 	C:\WINDOWS\System32\SHELL32.dll
0x00007ffe07500000 - 0x00007ffe075a6000 	C:\WINDOWS\System32\shcore.dll
0x00007ffe063d0000 - 0x00007ffe06b17000 	C:\WINDOWS\System32\windows.storage.dll
0x00007ffe07610000 - 0x00007ffe07661000 	C:\WINDOWS\System32\shlwapi.dll
0x00007ffe063b0000 - 0x00007ffe063c1000 	C:\WINDOWS\System32\kernel.appcore.dll
0x00007ffe06340000 - 0x00007ffe0638c000 	C:\WINDOWS\System32\powrprof.dll
0x00007ffe06320000 - 0x00007ffe0633b000 	C:\WINDOWS\System32\profapi.dll
0x000000005cc70000 - 0x000000005cc8a000 	C:\Program Files\Java\jdk1.8.0_151\jre\bin\net.dll
0x00007ffe05b50000 - 0x00007ffe05bb6000 	C:\WINDOWS\system32\mswsock.dll
0x000000005cc50000 - 0x000000005cc61000 	C:\Program Files\Java\jdk1.8.0_151\jre\bin\nio.dll
0x00007ffe05d20000 - 0x00007ffe05d37000 	C:\WINDOWS\SYSTEM32\CRYPTSP.dll
0x00007ffe05530000 - 0x00007ffe05563000 	C:\WINDOWS\system32\rsaenh.dll
0x00007ffe05e20000 - 0x00007ffe05e45000 	C:\WINDOWS\SYSTEM32\bcrypt.dll
0x00007ffe06250000 - 0x00007ffe06279000 	C:\WINDOWS\SYSTEM32\USERENV.dll
0x00007ffe05d10000 - 0x00007ffe05d1b000 	C:\WINDOWS\SYSTEM32\CRYPTBASE.dll
0x00007ffe058e0000 - 0x00007ffe05919000 	C:\WINDOWS\SYSTEM32\IPHLPAPI.DLL
0x00007ffe09a30000 - 0x00007ffe09a38000 	C:\WINDOWS\System32\NSI.dll
0x00007ffe00e80000 - 0x00007ffe00e96000 	C:\WINDOWS\SYSTEM32\dhcpcsvc6.DLL
0x00007ffe00140000 - 0x00007ffe0015a000 	C:\WINDOWS\SYSTEM32\dhcpcsvc.DLL
0x000000005cdb0000 - 0x000000005cdbd000 	C:\Program Files\Java\jdk1.8.0_151\jre\bin\management.dll
0x00007ffdf4140000 - 0x00007ffdf4156000 	C:\WINDOWS\system32\napinsp.dll
0x00007ffdf40c0000 - 0x00007ffdf40da000 	C:\WINDOWS\system32\pnrpnsp.dll
0x00007ffe02f70000 - 0x00007ffe02f88000 	C:\WINDOWS\system32\NLAapi.dll
0x00007ffe05920000 - 0x00007ffe059d6000 	C:\WINDOWS\SYSTEM32\DNSAPI.dll
0x00007ffdf8350000 - 0x00007ffdf835e000 	C:\WINDOWS\System32\winrnr.dll
0x00007ffdf4070000 - 0x00007ffdf4085000 	C:\WINDOWS\System32\wshbth.dll
0x00007ffdfce60000 - 0x00007ffdfce6a000 	C:\Windows\System32\rasadhlp.dll
0x00007ffdfde40000 - 0x00007ffdfdeb0000 	C:\WINDOWS\System32\fwpuclnt.dll

VM Arguments:
jvm_args: -Djava.security.manager=worker.org.gradle.process.internal.worker.child.BootstrapSecurityManager -Dorg.gradle.native=false -Dfile.encoding=windows-1252 -Duser.country=US -Duser.language=en -Duser.variant -ea 
java_command: worker.org.gradle.process.internal.worker.GradleWorkerMain 'Gradle Test Executor 2'
java_class_path (initial): C:\Users\carlos.sanchez-v\.gradle\caches\4.5.1\workerMain\gradle-worker.jar
Launcher Type: SUN_STANDARD

Environment Variables:
JAVA_HOME=C:\Program Files\Java\jdk1.8.0_151
CLASSPATH=C:\Users\carlos.sanchez-v\Downloads\reservaciones_vuelos\\gradle\wrapper\gradle-wrapper.jar
PATH=C:\Program Files\Haskell\bin;C:\Program Files\Haskell Platform\8.2.2\lib\extralibs\bin;C:\Program Files\Haskell Platform\8.2.2\bin;C:\ProgramData\Oracle\Java\javapath;C:\WINDOWS\system32;C:\WINDOWS;C:\WINDOWS\System32\Wbem;C:\WINDOWS\System32\WindowsPowerShell\v1.0\;C:\Program Files\Java\jdk1.8.0_151\bin;C:\Program Files\apache-maven-3.5.2\bin;C:\Program Files (x86)\NVIDIA Corporation\PhysX\Common;C:\Program Files\Git\cmd;C:\Program Files\nodejs\;C:\Gradle\gradle-4.5\bin;C:\Program Files\PuTTY\;C:\Program Files\Haskell Platform\8.2.2\mingw\bin;C:\Users\carlos.sanchez-v\AppData\Roaming\local\bin;C:\Users\carlos.sanchez-v\AppData\Roaming\cabal\bin;C:\Users\carlos.sanchez-v\AppData\Local\Microsoft\WindowsApps;C:\Users\carlos.sanchez-v\AppData\Roaming\npm;C:\Program Files\Microsoft VS Code\bin;C:\Users\carlos.sanchez-v\AppData\Local\Programs\radare2
USERNAME=carlos.sanchez-v
OS=Windows_NT
PROCESSOR_IDENTIFIER=Intel64 Family 6 Model 58 Stepping 9, GenuineIntel



---------------  S Y S T E M  ---------------

OS: Windows 10.0 , 64 bit Build 16299 (10.0.16299.15)

CPU:total 4 (initial active 4) (2 cores per cpu, 2 threads per core) family 6 model 58 stepping 9, cmov, cx8, fxsr, mmx, sse, sse2, sse3, ssse3, sse4.1, sse4.2, popcnt, avx, aes, clmul, erms, ht, tsc, tscinvbit, tscinv

Memory: 4k page, physical 8271408k(802944k free), swap 8271408k(2900k free)

vm_info: Java HotSpot(TM) 64-Bit Server VM (25.151-b12) for windows-amd64 JRE (1.8.0_151-b12), built on Sep  5 2017 19:33:46 by "java_re" with MS VC++ 10.0 (VS2010)

time: Sun Apr 29 10:32:52 2018
elapsed time: 4 seconds (0d 0h 0m 4s)

