#
# There is insufficient memory for the Java Runtime Environment to continue.
# Native memory allocation (malloc) failed to allocate 1941648 bytes for Chunk::new
# Possible reasons:
#   The system is out of physical RAM or swap space
#   In 32 bit mode, the process size limit was hit
# Possible solutions:
#   Reduce memory load on the system
#   Increase physical memory or swap space
#   Check if swap backing store is full
#   Use 64 bit Java on a 64 bit OS
#   Decrease Java heap size (-Xmx/-Xms)
#   Decrease number of Java threads
#   Decrease Java thread stack sizes (-Xss)
#   Set larger code cache with -XX:ReservedCodeCacheSize=
# This output file may be truncated or incomplete.
#
#  Out of Memory Error (allocation.cpp:390), pid=1104, tid=0x0000000000000f40
#
# JRE version: Java(TM) SE Runtime Environment (8.0_151-b12) (build 1.8.0_151-b12)
# Java VM: Java HotSpot(TM) 64-Bit Server VM (25.151-b12 mixed mode windows-amd64 compressed oops)
# Failed to write core dump. Minidumps are not enabled by default on client versions of Windows
#

---------------  T H R E A D  ---------------

Current thread (0x00000000178a1000):  JavaThread "C2 CompilerThread0" daemon [_thread_in_native, id=3904, stack(0x0000000018ef0000,0x0000000018ff0000)]

Stack: [0x0000000018ef0000,0x0000000018ff0000]
[error occurred during error reporting (printing stack bounds), id 0xc0000005]

Native frames: (J=compiled Java code, j=interpreted, Vv=VM code, C=native code)


Current CompileTask:
C2:   3855 1328       4       java.net.URLClassLoader$1::run (5 bytes)


---------------  P R O C E S S  ---------------

Java Threads: ( => current thread )
  0x000000001aa63800 JavaThread "Cache worker for file hash cache (C:\Users\carlos.sanchez-v\Downloads\reservaciones_vuelos\.gradle\4.5\fileHashes)" [_thread_blocked, id=3884, stack(0x000000001d8d0000,0x000000001d9d0000)]
  0x000000001aa62800 JavaThread "File lock request listener" [_thread_in_native, id=5160, stack(0x000000001c6e0000,0x000000001c7e0000)]
  0x000000001aa62000 JavaThread "Cache worker for file hash cache (C:\Users\carlos.sanchez-v\.gradle\caches\4.5\fileHashes)" [_thread_blocked, id=8816, stack(0x000000001c3e0000,0x000000001c4e0000)]
  0x000000001a7dd800 JavaThread "Stdin handler" [_thread_blocked, id=10112, stack(0x000000001c2e0000,0x000000001c3e0000)]
  0x000000001a7dc800 JavaThread "Asynchronous log dispatcher for DefaultDaemonConnection: socket connection from /127.0.0.1:60555 to /127.0.0.1:60556" [_thread_blocked, id=5112, stack(0x000000001c1e0000,0x000000001c2e0000)]
  0x000000001a7d8800 JavaThread "Daemon worker" [_thread_blocked, id=11008, stack(0x000000001c0e0000,0x000000001c1e0000)]
  0x000000001a7e9000 JavaThread "Cancel handler" [_thread_blocked, id=6336, stack(0x000000001bfe0000,0x000000001c0e0000)]
  0x000000001a4ae000 JavaThread "Handler for socket connection from /127.0.0.1:60555 to /127.0.0.1:60556" [_thread_in_native, id=12136, stack(0x000000001bce0000,0x000000001bde0000)]
  0x000000001a4a5000 JavaThread "Daemon" [_thread_blocked, id=8904, stack(0x000000001bbe0000,0x000000001bce0000)]
  0x000000001aa91000 JavaThread "Daemon periodic checks" [_thread_blocked, id=7564, stack(0x000000001bae0000,0x000000001bbe0000)]
  0x000000001aa79800 JavaThread "Incoming local TCP Connector on port 60555" [_thread_in_native, id=9980, stack(0x000000001b600000,0x000000001b700000)]
  0x000000001a020800 JavaThread "Daemon health stats" [_thread_blocked, id=9668, stack(0x000000001afc0000,0x000000001b0c0000)]
  0x00000000178fd800 JavaThread "Service Thread" daemon [_thread_blocked, id=8100, stack(0x00000000195f0000,0x00000000196f0000)]
  0x00000000178a6800 JavaThread "C1 CompilerThread2" daemon [_thread_blocked, id=9232, stack(0x00000000190f0000,0x00000000191f0000)]
  0x00000000178a3800 JavaThread "C2 CompilerThread1" daemon [_thread_in_native, id=7860, stack(0x0000000018ff0000,0x00000000190f0000)]
=>0x00000000178a1000 JavaThread "C2 CompilerThread0" daemon [_thread_in_native, id=3904, stack(0x0000000018ef0000,0x0000000018ff0000)]
  0x000000001789e000 JavaThread "Attach Listener" daemon [_thread_blocked, id=5264, stack(0x0000000018df0000,0x0000000018ef0000)]
  0x000000001789d000 JavaThread "Signal Dispatcher" daemon [_thread_blocked, id=11544, stack(0x0000000018cf0000,0x0000000018df0000)]
  0x000000001788a800 JavaThread "Finalizer" daemon [_thread_blocked, id=1988, stack(0x0000000018b00000,0x0000000018c00000)]
  0x0000000017869000 JavaThread "Reference Handler" daemon [_thread_blocked, id=3516, stack(0x0000000018a00000,0x0000000018b00000)]
  0x00000000051cd800 JavaThread "main" [_thread_blocked, id=4400, stack(0x0000000004e80000,0x0000000004f80000)]

Other Threads:
  0x0000000017867800 VMThread [stack: 0x0000000018900000,0x0000000018a00000] [id=9724]
  0x0000000019225800 WatcherThread [stack: 0x00000000196f0000,0x00000000197f0000] [id=2016]

VM state:at safepoint (normal execution)

VM Mutex/Monitor currently owned by a thread:  ([mutex/lock_event])
[0x00000000051cc880] Threads_lock - owner thread: 0x0000000017867800
[0x00000000051cd200] Heap_lock - owner thread: 0x000000001a7d8800

Heap:
 PSYoungGen      total 71680K, used 5104K [0x00000000eab00000, 0x00000000ef600000, 0x0000000100000000)
  eden space 66560K, 0% used [0x00000000eab00000,0x00000000eab00000,0x00000000eec00000)
  from space 5120K, 99% used [0x00000000ef100000,0x00000000ef5fc040,0x00000000ef600000)
  to   space 5120K, 0% used [0x00000000eec00000,0x00000000eec00000,0x00000000ef100000)
 ParOldGen       total 87552K, used 6887K [0x00000000c0000000, 0x00000000c5580000, 0x00000000eab00000)
  object space 87552K, 7% used [0x00000000c0000000,0x00000000c06b9ec0,0x00000000c5580000)
 Metaspace       used 18887K, capacity 19116K, committed 19200K, reserved 1069056K
  class space    used 2696K, capacity 2788K, committed 2816K, reserved 1048576K

Card table byte_map: [0x0000000014590000,0x00000000147a0000] byte_map_base: 0x0000000013f90000

Marking Bits: (ParMarkBitMap*) 0x000000005c59d850
 Begin Bits: [0x0000000014d00000, 0x0000000015d00000)
 End Bits:   [0x0000000015d00000, 0x0000000016d00000)

Polling page: 0x0000000004f80000

CodeCache: size=245760Kb used=5375Kb max_used=5375Kb free=240384Kb
 bounds [0x00000000051d0000, 0x0000000005720000, 0x00000000141d0000]
 total_blobs=1991 nmethods=1606 adapters=297
 compilation: enabled

Compilation events (10 events):
Event: 3.754 Thread 0x00000000178a6800 nmethod 1545 0x00000000056f3e10 code [0x00000000056f3f60, 0x00000000056f4090]
Event: 3.754 Thread 0x00000000178a6800 1546       3       org.codehaus.groovy.reflection.GeneratedMetaMethod$DgmMethodRecord::<init> (5 bytes)
Event: 3.754 Thread 0x00000000178a6800 nmethod 1546 0x00000000056f4110 code [0x00000000056f4260, 0x00000000056f4410]
Event: 3.772 Thread 0x00000000178a6800 1548       3       sun.reflect.Reflection::filter (220 bytes)
Event: 3.772 Thread 0x00000000178a6800 nmethod 1548 0x00000000056f44d0 code [0x00000000056f46e0, 0x00000000056f52c8]
Event: 3.773 Thread 0x00000000178a6800 1550       3       java.util.HashMap$KeyIterator::next (8 bytes)
Event: 3.773 Thread 0x00000000178a6800 nmethod 1550 0x00000000056f5d10 code [0x00000000056f5e80, 0x00000000056f6088]
Event: 3.773 Thread 0x00000000178a6800 1551       3       java.util.concurrent.locks.AbstractQueuedSynchronizer::setState (6 bytes)
Event: 3.774 Thread 0x00000000178a6800 nmethod 1551 0x00000000056f6150 code [0x00000000056f62a0, 0x00000000056f63f0]
Event: 3.774 Thread 0x00000000178a6800 1552       3       java.lang.Class$MethodArray::matchesNameAndDescriptor (42 bytes)

GC Heap History (6 events):
Event: 1.140 GC heap before
{Heap before GC invocations=1 (full 0):
 PSYoungGen      total 38400K, used 33280K [0x00000000eab00000, 0x00000000ed580000, 0x0000000100000000)
  eden space 33280K, 100% used [0x00000000eab00000,0x00000000ecb80000,0x00000000ecb80000)
  from space 5120K, 0% used [0x00000000ed080000,0x00000000ed080000,0x00000000ed580000)
  to   space 5120K, 0% used [0x00000000ecb80000,0x00000000ecb80000,0x00000000ed080000)
 ParOldGen       total 87552K, used 0K [0x00000000c0000000, 0x00000000c5580000, 0x00000000eab00000)
  object space 87552K, 0% used [0x00000000c0000000,0x00000000c0000000,0x00000000c5580000)
 Metaspace       used 6657K, capacity 6776K, committed 7040K, reserved 1056768K
  class space    used 826K, capacity 877K, committed 896K, reserved 1048576K
Event: 1.146 GC heap after
Heap after GC invocations=1 (full 0):
 PSYoungGen      total 38400K, used 4656K [0x00000000eab00000, 0x00000000ed580000, 0x0000000100000000)
  eden space 33280K, 0% used [0x00000000eab00000,0x00000000eab00000,0x00000000ecb80000)
  from space 5120K, 90% used [0x00000000ecb80000,0x00000000ed00c1c8,0x00000000ed080000)
  to   space 5120K, 0% used [0x00000000ed080000,0x00000000ed080000,0x00000000ed580000)
 ParOldGen       total 87552K, used 16K [0x00000000c0000000, 0x00000000c5580000, 0x00000000eab00000)
  object space 87552K, 0% used [0x00000000c0000000,0x00000000c0004000,0x00000000c5580000)
 Metaspace       used 6657K, capacity 6776K, committed 7040K, reserved 1056768K
  class space    used 826K, capacity 877K, committed 896K, reserved 1048576K
}
Event: 2.860 GC heap before
{Heap before GC invocations=2 (full 0):
 PSYoungGen      total 38400K, used 37936K [0x00000000eab00000, 0x00000000ed580000, 0x0000000100000000)
  eden space 33280K, 100% used [0x00000000eab00000,0x00000000ecb80000,0x00000000ecb80000)
  from space 5120K, 90% used [0x00000000ecb80000,0x00000000ed00c1c8,0x00000000ed080000)
  to   space 5120K, 0% used [0x00000000ed080000,0x00000000ed080000,0x00000000ed580000)
 ParOldGen       total 87552K, used 16K [0x00000000c0000000, 0x00000000c5580000, 0x00000000eab00000)
  object space 87552K, 0% used [0x00000000c0000000,0x00000000c0004000,0x00000000c5580000)
 Metaspace       used 12354K, capacity 12706K, committed 12928K, reserved 1060864K
  class space    used 1693K, capacity 1825K, committed 1920K, reserved 1048576K
Event: 2.869 GC heap after
Heap after GC invocations=2 (full 0):
 PSYoungGen      total 38400K, used 5105K [0x00000000eab00000, 0x00000000ed580000, 0x0000000100000000)
  eden space 33280K, 0% used [0x00000000eab00000,0x00000000eab00000,0x00000000ecb80000)
  from space 5120K, 99% used [0x00000000ed080000,0x00000000ed57c798,0x00000000ed580000)
  to   space 5120K, 0% used [0x00000000ecb80000,0x00000000ecb80000,0x00000000ed080000)
 ParOldGen       total 87552K, used 789K [0x00000000c0000000, 0x00000000c5580000, 0x00000000eab00000)
  object space 87552K, 0% used [0x00000000c0000000,0x00000000c00c56e0,0x00000000c5580000)
 Metaspace       used 12354K, capacity 12706K, committed 12928K, reserved 1060864K
  class space    used 1693K, capacity 1825K, committed 1920K, reserved 1048576K
}
Event: 3.335 GC heap before
{Heap before GC invocations=3 (full 0):
 PSYoungGen      total 38400K, used 38385K [0x00000000eab00000, 0x00000000ed580000, 0x0000000100000000)
  eden space 33280K, 100% used [0x00000000eab00000,0x00000000ecb80000,0x00000000ecb80000)
  from space 5120K, 99% used [0x00000000ed080000,0x00000000ed57c798,0x00000000ed580000)
  to   space 5120K, 0% used [0x00000000ecb80000,0x00000000ecb80000,0x00000000ed080000)
 ParOldGen       total 87552K, used 789K [0x00000000c0000000, 0x00000000c5580000, 0x00000000eab00000)
  object space 87552K, 0% used [0x00000000c0000000,0x00000000c00c56e0,0x00000000c5580000)
 Metaspace       used 15173K, capacity 15526K, committed 15744K, reserved 1062912K
  class space    used 2201K, capacity 2339K, committed 2432K, reserved 1048576K
Event: 3.345 GC heap after
Heap after GC invocations=3 (full 0):
 PSYoungGen      total 38400K, used 5088K [0x00000000eab00000, 0x00000000ef600000, 0x0000000100000000)
  eden space 33280K, 0% used [0x00000000eab00000,0x00000000eab00000,0x00000000ecb80000)
  from space 5120K, 99% used [0x00000000ecb80000,0x00000000ed078020,0x00000000ed080000)
  to   space 5120K, 0% used [0x00000000ef100000,0x00000000ef100000,0x00000000ef600000)
 ParOldGen       total 87552K, used 3286K [0x00000000c0000000, 0x00000000c5580000, 0x00000000eab00000)
  object space 87552K, 3% used [0x00000000c0000000,0x00000000c0335938,0x00000000c5580000)
 Metaspace       used 15173K, capacity 15526K, committed 15744K, reserved 1062912K
  class space    used 2201K, capacity 2339K, committed 2432K, reserved 1048576K
}

Deoptimization events (10 events):
Event: 2.703 Thread 0x000000001a4ae000 Uncommon trap: reason=unstable_if action=reinterpret pc=0x00000000055d8c60 method=java.util.concurrent.ConcurrentHashMap.putVal(Ljava/lang/Object;Ljava/lang/Object;Z)Ljava/lang/Object; @ 206
Event: 2.802 Thread 0x000000001a7d8800 Uncommon trap: reason=bimorphic action=maybe_recompile pc=0x0000000005508cc8 method=java.util.HashMap.putVal(ILjava/lang/Object;Ljava/lang/Object;ZZ)Ljava/lang/Object; @ 253
Event: 2.802 Thread 0x000000001a7d8800 Uncommon trap: reason=bimorphic action=maybe_recompile pc=0x0000000005508cc8 method=java.util.HashMap.putVal(ILjava/lang/Object;Ljava/lang/Object;ZZ)Ljava/lang/Object; @ 253
Event: 2.802 Thread 0x000000001a7d8800 Uncommon trap: reason=bimorphic action=maybe_recompile pc=0x0000000005508cc8 method=java.util.HashMap.putVal(ILjava/lang/Object;Ljava/lang/Object;ZZ)Ljava/lang/Object; @ 253
Event: 3.026 Thread 0x000000001a7d8800 Uncommon trap: reason=class_check action=maybe_recompile pc=0x000000000543da1c method=java.util.regex.Matcher.match(II)Z @ 86
Event: 3.026 Thread 0x000000001a7d8800 Uncommon trap: reason=class_check action=maybe_recompile pc=0x000000000543da1c method=java.util.regex.Matcher.match(II)Z @ 86
Event: 3.169 Thread 0x000000001a7d8800 Uncommon trap: reason=unstable_if action=reinterpret pc=0x000000000563f474 method=java.lang.String.lastIndexOf([CII[CIII)I @ 66
Event: 3.571 Thread 0x000000001a7d8800 Uncommon trap: reason=unstable_if action=reinterpret pc=0x0000000005335048 method=java.net.URI.match(CJJ)Z @ 19
Event: 3.571 Thread 0x000000001a7d8800 Uncommon trap: reason=unstable_if action=reinterpret pc=0x0000000005476074 method=java.net.URI.match(CJJ)Z @ 19
Event: 3.639 Thread 0x000000001a7d8800 Uncommon trap: reason=unstable_if action=reinterpret pc=0x00000000054745b0 method=java.io.File.getName()Ljava/lang/String; @ 16

Internal exceptions (10 events):
Event: 2.710 Thread 0x000000001a4ae000 Exception <a 'java/lang/NoSuchMethodError': <clinit>> (0x00000000ec5c77c0) thrown at [C:\re\workspace\8-2-build-windows-amd64-cygwin\jdk8u151\9699\hotspot\src\share\vm\prims\jni.cpp, line 1613]
Event: 2.714 Thread 0x000000001a4ae000 Exception <a 'java/lang/NoSuchMethodError': <clinit>> (0x00000000ec5e88a0) thrown at [C:\re\workspace\8-2-build-windows-amd64-cygwin\jdk8u151\9699\hotspot\src\share\vm\prims\jni.cpp, line 1613]
Event: 2.724 Thread 0x000000001a4ae000 Exception <a 'java/lang/NoSuchMethodError': <clinit>> (0x00000000ec64ea80) thrown at [C:\re\workspace\8-2-build-windows-amd64-cygwin\jdk8u151\9699\hotspot\src\share\vm\prims\jni.cpp, line 1613]
Event: 2.731 Thread 0x000000001a4ae000 Exception <a 'java/lang/NoSuchMethodError': <clinit>> (0x00000000ec67eac0) thrown at [C:\re\workspace\8-2-build-windows-amd64-cygwin\jdk8u151\9699\hotspot\src\share\vm\prims\jni.cpp, line 1613]
Event: 2.738 Thread 0x000000001a4ae000 Exception <a 'java/lang/NoSuchMethodError': <clinit>> (0x00000000ec6b3a60) thrown at [C:\re\workspace\8-2-build-windows-amd64-cygwin\jdk8u151\9699\hotspot\src\share\vm\prims\jni.cpp, line 1613]
Event: 2.741 Thread 0x000000001a4ae000 Exception <a 'java/lang/NoSuchMethodError': <clinit>> (0x00000000ec6bed90) thrown at [C:\re\workspace\8-2-build-windows-amd64-cygwin\jdk8u151\9699\hotspot\src\share\vm\prims\jni.cpp, line 1613]
Event: 2.743 Thread 0x000000001a4ae000 Exception <a 'java/lang/NoSuchMethodError': <clinit>> (0x00000000ec6cc608) thrown at [C:\re\workspace\8-2-build-windows-amd64-cygwin\jdk8u151\9699\hotspot\src\share\vm\prims\jni.cpp, line 1613]
Event: 2.749 Thread 0x000000001a4ae000 Exception <a 'java/lang/NoSuchMethodError': <clinit>> (0x00000000ec6f0de0) thrown at [C:\re\workspace\8-2-build-windows-amd64-cygwin\jdk8u151\9699\hotspot\src\share\vm\prims\jni.cpp, line 1613]
Event: 2.774 Thread 0x000000001a7d8800 Exception <a 'java/lang/NoSuchMethodError': <clinit>> (0x00000000ec7d9fe0) thrown at [C:\re\workspace\8-2-build-windows-amd64-cygwin\jdk8u151\9699\hotspot\src\share\vm\prims\jni.cpp, line 1613]
Event: 2.775 Thread 0x000000001a7d8800 Exception <a 'java/lang/NoSuchMethodError': <clinit>> (0x00000000ec7e2268) thrown at [C:\re\workspace\8-2-build-windows-amd64-cygwin\jdk8u151\9699\hotspot\src\share\vm\prims\jni.cpp, line 1613]

Events (10 events):
Event: 3.772 loading class org/codehaus/groovy/util/ReferenceType$SoftRef
Event: 3.772 loading class org/codehaus/groovy/util/ReferenceType$SoftRef done
Event: 3.772 loading class org/codehaus/groovy/transform/trait/Traits$Implemented
Event: 3.772 loading class org/codehaus/groovy/transform/trait/Traits$Implemented done
Event: 3.772 loading class java/util/stream/IntStream
Event: 3.772 loading class java/util/stream/BaseStream
Event: 3.773 loading class java/util/stream/BaseStream done
Event: 3.773 loading class java/util/stream/IntStream done
Event: 3.774 loading class java/util/stream/Stream
Event: 3.774 loading class java/util/stream/Stream done


Dynamic libraries:
0x00007ff7b1e90000 - 0x00007ff7b1ec7000 	C:\Program Files\Java\jdk1.8.0_151\bin\java.exe
0x00007ffe09fd0000 - 0x00007ffe0a1b0000 	C:\WINDOWS\SYSTEM32\ntdll.dll
0x00007ffe08fe0000 - 0x00007ffe0908e000 	C:\WINDOWS\System32\KERNEL32.DLL
0x00007ffe07030000 - 0x00007ffe07296000 	C:\WINDOWS\System32\KERNELBASE.dll
0x00007ffe07af0000 - 0x00007ffe07b91000 	C:\WINDOWS\System32\ADVAPI32.dll
0x00007ffe09920000 - 0x00007ffe099bd000 	C:\WINDOWS\System32\msvcrt.dll
0x00007ffe09840000 - 0x00007ffe0989b000 	C:\WINDOWS\System32\sechost.dll
0x00007ffe09720000 - 0x00007ffe0983f000 	C:\WINDOWS\System32\RPCRT4.dll
0x00007ffe09d50000 - 0x00007ffe09edf000 	C:\WINDOWS\System32\USER32.dll
0x00007ffe06f10000 - 0x00007ffe06f30000 	C:\WINDOWS\System32\win32u.dll
0x00007ffe09090000 - 0x00007ffe090b8000 	C:\WINDOWS\System32\GDI32.dll
0x00007ffe06b20000 - 0x00007ffe06cb3000 	C:\WINDOWS\System32\gdi32full.dll
0x00007ffe07350000 - 0x00007ffe073eb000 	C:\WINDOWS\System32\msvcp_win.dll
0x00007ffe06f30000 - 0x00007ffe07026000 	C:\WINDOWS\System32\ucrtbase.dll
0x00007ffdf9610000 - 0x00007ffdf9879000 	C:\WINDOWS\WinSxS\amd64_microsoft.windows.common-controls_6595b64144ccf1df_6.0.16299.371_none_15c7d1789365a290\COMCTL32.dll
0x00007ffe09a40000 - 0x00007ffe09d48000 	C:\WINDOWS\System32\combase.dll
0x00007ffe06cc0000 - 0x00007ffe06d32000 	C:\WINDOWS\System32\bcryptPrimitives.dll
0x00007ffe07ac0000 - 0x00007ffe07aed000 	C:\WINDOWS\System32\IMM32.DLL
0x000000005ce30000 - 0x000000005cf02000 	C:\Program Files\Java\jdk1.8.0_151\jre\bin\msvcr100.dll
0x000000005bd80000 - 0x000000005c61d000 	C:\Program Files\Java\jdk1.8.0_151\jre\bin\server\jvm.dll
0x00007ffe09ee0000 - 0x00007ffe09ee8000 	C:\WINDOWS\System32\PSAPI.DLL
0x00007ffe02e20000 - 0x00007ffe02e29000 	C:\WINDOWS\SYSTEM32\WSOCK32.dll
0x00007ffe031d0000 - 0x00007ffe031f3000 	C:\WINDOWS\SYSTEM32\WINMM.dll
0x00007ffe099c0000 - 0x00007ffe09a2c000 	C:\WINDOWS\System32\WS2_32.dll
0x00007ffdffc20000 - 0x00007ffdffc2a000 	C:\WINDOWS\SYSTEM32\VERSION.dll
0x00007ffe03110000 - 0x00007ffe0313a000 	C:\WINDOWS\SYSTEM32\WINMMBASE.dll
0x00007ffe073f0000 - 0x00007ffe0743a000 	C:\WINDOWS\System32\cfgmgr32.dll
0x000000005cde0000 - 0x000000005cdef000 	C:\Program Files\Java\jdk1.8.0_151\jre\bin\verify.dll
0x000000005cdb0000 - 0x000000005cdd9000 	C:\Program Files\Java\jdk1.8.0_151\jre\bin\java.dll
0x000000005ccc0000 - 0x000000005ccd6000 	C:\Program Files\Java\jdk1.8.0_151\jre\bin\zip.dll
0x00007ffe07ba0000 - 0x00007ffe08fd6000 	C:\WINDOWS\System32\SHELL32.dll
0x00007ffe07500000 - 0x00007ffe075a6000 	C:\WINDOWS\System32\shcore.dll
0x00007ffe063d0000 - 0x00007ffe06b17000 	C:\WINDOWS\System32\windows.storage.dll
0x00007ffe07610000 - 0x00007ffe07661000 	C:\WINDOWS\System32\shlwapi.dll
0x00007ffe063b0000 - 0x00007ffe063c1000 	C:\WINDOWS\System32\kernel.appcore.dll
0x00007ffe06340000 - 0x00007ffe0638c000 	C:\WINDOWS\System32\powrprof.dll
0x00007ffe06320000 - 0x00007ffe0633b000 	C:\WINDOWS\System32\profapi.dll
0x000000005cca0000 - 0x000000005ccba000 	C:\Program Files\Java\jdk1.8.0_151\jre\bin\net.dll
0x00007ffe05b50000 - 0x00007ffe05bb6000 	C:\WINDOWS\system32\mswsock.dll
0x000000005cc80000 - 0x000000005cc91000 	C:\Program Files\Java\jdk1.8.0_151\jre\bin\nio.dll
0x00007ffdf2590000 - 0x00007ffdf25ae000 	C:\Users\carlos.sanchez-v\.gradle\native\25\windows-amd64\native-platform.dll
0x000000005cc20000 - 0x000000005cc2d000 	C:\Program Files\Java\jdk1.8.0_151\jre\bin\management.dll
0x00007ffe05d20000 - 0x00007ffe05d37000 	C:\WINDOWS\SYSTEM32\CRYPTSP.dll
0x00007ffe05530000 - 0x00007ffe05563000 	C:\WINDOWS\system32\rsaenh.dll
0x00007ffe05e20000 - 0x00007ffe05e45000 	C:\WINDOWS\SYSTEM32\bcrypt.dll
0x00007ffe06250000 - 0x00007ffe06279000 	C:\WINDOWS\SYSTEM32\USERENV.dll
0x00007ffe05d10000 - 0x00007ffe05d1b000 	C:\WINDOWS\SYSTEM32\CRYPTBASE.dll
0x00007ffe058e0000 - 0x00007ffe05919000 	C:\WINDOWS\SYSTEM32\IPHLPAPI.DLL
0x00007ffe09a30000 - 0x00007ffe09a38000 	C:\WINDOWS\System32\NSI.dll
0x00007ffe00e80000 - 0x00007ffe00e96000 	C:\WINDOWS\SYSTEM32\dhcpcsvc6.DLL
0x00007ffe00140000 - 0x00007ffe0015a000 	C:\WINDOWS\SYSTEM32\dhcpcsvc.DLL

VM Arguments:
jvm_args: -XX:+HeapDumpOnOutOfMemoryError -Xmx1024m -Dfile.encoding=windows-1252 -Duser.country=US -Duser.language=en -Duser.variant 
java_command: org.gradle.launcher.daemon.bootstrap.GradleDaemon 4.5
java_class_path (initial): C:\Gradle\gradle-4.5\lib\gradle-launcher-4.5.jar
Launcher Type: SUN_STANDARD

Environment Variables:
JAVA_HOME=C:\Program Files\Java\jdk1.8.0_151
CLASSPATH=C:\Gradle\gradle-4.5\bin\..\lib\gradle-launcher-4.5.jar
PATH=C:\Program Files\Haskell\bin;C:\Program Files\Haskell Platform\8.2.2\lib\extralibs\bin;C:\Program Files\Haskell Platform\8.2.2\bin;C:\ProgramData\Oracle\Java\javapath;C:\WINDOWS\system32;C:\WINDOWS;C:\WINDOWS\System32\Wbem;C:\WINDOWS\System32\WindowsPowerShell\v1.0\;C:\Program Files\Java\jdk1.8.0_151\bin;C:\Program Files\apache-maven-3.5.2\bin;C:\Program Files (x86)\NVIDIA Corporation\PhysX\Common;C:\Program Files\Git\cmd;C:\Program Files\nodejs\;C:\Gradle\gradle-4.5\bin;C:\Program Files\PuTTY\;C:\Program Files\Haskell Platform\8.2.2\mingw\bin;C:\Users\carlos.sanchez-v\AppData\Roaming\local\bin;C:\Users\carlos.sanchez-v\AppData\Roaming\cabal\bin;C:\Users\carlos.sanchez-v\AppData\Local\Microsoft\WindowsApps;C:\Users\carlos.sanchez-v\AppData\Roaming\npm;C:\Program Files\Microsoft VS Code\bin;C:\Users\carlos.sanchez-v\AppData\Local\Programs\radare2
USERNAME=carlos.sanchez-v
OS=Windows_NT
PROCESSOR_IDENTIFIER=Intel64 Family 6 Model 58 Stepping 9, GenuineIntel



---------------  S Y S T E M  ---------------

OS: Windows 10.0 , 64 bit Build 16299 (10.0.16299.15)

CPU:total 4 (initial active 4) (2 cores per cpu, 2 threads per core) family 6 model 58 stepping 9, cmov, cx8, fxsr, mmx, sse, sse2, sse3, ssse3, sse4.1, sse4.2, popcnt, avx, aes, clmul, erms, ht, tsc, tscinvbit, tscinv

Memory: 4k page, physical 8271408k(916124k free), swap 8271408k(4360k free)

vm_info: Java HotSpot(TM) 64-Bit Server VM (25.151-b12) for windows-amd64 JRE (1.8.0_151-b12), built on Sep  5 2017 19:33:46 by "java_re" with MS VC++ 10.0 (VS2010)

time: Fri Apr 27 23:00:56 2018
elapsed time: 3 seconds (0d 0h 0m 3s)

